<?xml version="1.0" encoding="UTF-8"?>
<testsuite xmlns:xsi="http://www.w3.org/2001/XMLSchema-instance" xsi:noNamespaceSchemaLocation="https://maven.apache.org/surefire/maven-surefire-plugin/xsd/surefire-test-report.xsd" name="algorithms.floatfoo.ManachersTest" time="0.021" tests="4" errors="0" skipped="0" failures="0">
  <properties>
[...]
</properties>
  <testcase name="primitiveTest1" classname="algorithms.floatfoo.ManachersTest" time="0.001"/>
  <testcase name="primitiveTest2" classname="algorithms.floatfoo.ManachersTest" time="0"/>
  <testcase name="primitiveTest3" classname="algorithms.floatfoo.ManachersTest" time="0"/>
  <testcase name="notPalindormicStrings" classname="algorithms.floatfoo.ManachersTest" time="0"/>
</testsuite>